<?xml version="1.0" encoding="UTF-8"?>
<!-- Generated by org.testng.reporters.JUnitXMLReporter -->
<testsuite hostname="ADFGs-MacBook-Pro-2.local" ignored="9" name="Default test" tests="1" failures="0" timestamp="11 Jun 2017 10:57:48 GMT" time="102.07" errors="0">
  <testcase name="GuestUserBroadcastDetails" time="63.93" classname="Swoo_iOS.maven.AppTest"/>
  <testcase name="GuestUserDiscoverSearch" time="0.0" classname="Swoo_iOS.maven.AppTest">
    <ignored/>
  </testcase> <!-- GuestUserDiscoverSearch -->
  <testcase name="GuestUserFollow" time="0.0" classname="Swoo_iOS.maven.AppTest">
    <ignored/>
  </testcase> <!-- GuestUserFollow -->
  <testcase name="GuestUserBroadcastHome" time="0.0" classname="Swoo_iOS.maven.AppTest">
    <ignored/>
  </testcase> <!-- GuestUserBroadcastHome -->
  <testcase name="GuestUserCommunity" time="0.0" classname="Swoo_iOS.maven.AppTest">
    <ignored/>
  </testcase> <!-- GuestUserCommunity -->
  <testcase name="GuestUserDiscover" time="0.0" classname="Swoo_iOS.maven.AppTest">
    <ignored/>
  </testcase> <!-- GuestUserDiscover -->
  <testcase name="GuestUserNetworkFollowingFollowers" time="0.0" classname="Swoo_iOS.maven.AppTest">
    <ignored/>
  </testcase> <!-- GuestUserNetworkFollowingFollowers -->
  <testcase name="GuestUserBroadcast" time="0.0" classname="Swoo_iOS.maven.AppTest">
    <ignored/>
  </testcase> <!-- GuestUserBroadcast -->
  <testcase name="GuestUserBroadcastNotification" time="0.0" classname="Swoo_iOS.maven.AppTest">
    <ignored/>
  </testcase> <!-- GuestUserBroadcastNotification -->
  <testcase name="GuestUserWatchLaterFollowingMyBroadcast" time="0.0" classname="Swoo_iOS.maven.AppTest">
    <ignored/>
  </testcase> <!-- GuestUserWatchLaterFollowingMyBroadcast -->
</testsuite> <!-- Default test -->
