<?xml version="1.0" encoding="UTF-8"?>
<testng-results skipped="0" failed="0" ignored="9" total="10" passed="1">
  <reporter-output>
  </reporter-output>
  <suite name="Default suite" duration-ms="102070" started-at="2017-06-11T10:56:06Z" finished-at="2017-06-11T10:57:48Z">
    <groups>
    </groups>
    <test name="Default test" duration-ms="102070" started-at="2017-06-11T10:56:06Z" finished-at="2017-06-11T10:57:48Z">
      <class name="Swoo_iOS.maven.AppTest">
        <test-method status="PASS" signature="beforeClassMethod()[pri:0, instance:Swoo_iOS.maven.AppTest@402a079c]" name="beforeClassMethod" is-config="true" duration-ms="37445" started-at="2017-06-11T14:56:06Z" finished-at="2017-06-11T14:56:43Z">
          <reporter-output>
          </reporter-output>
        </test-method> <!-- beforeClassMethod -->
        <test-method status="PASS" signature="GuestUserBroadcastDetails()[pri:0, instance:Swoo_iOS.maven.AppTest@402a079c]" name="GuestUserBroadcastDetails" duration-ms="63930" started-at="2017-06-11T14:56:43Z" finished-at="2017-06-11T14:57:47Z">
          <reporter-output>
          </reporter-output>
        </test-method> <!-- GuestUserBroadcastDetails -->
        <test-method status="PASS" signature="AfterClassMethod(org.testng.ITestResult)[pri:0, instance:Swoo_iOS.maven.AppTest@402a079c]" name="AfterClassMethod" is-config="true" duration-ms="673" started-at="2017-06-11T14:57:47Z" finished-at="2017-06-11T14:57:48Z">
          <params>
            <param index="0">
              <value>
                <![CDATA[[TestResult name=GuestUserBroadcastDetails status=SUCCESS method=AppTest.GuestUserBroadcastDetails()[pri:0, instance:Swoo_iOS.maven.AppTest@402a079c] output={null}]]]>
              </value>
            </param>
          </params>
          <reporter-output>
          </reporter-output>
        </test-method> <!-- AfterClassMethod -->
      </class> <!-- Swoo_iOS.maven.AppTest -->
    </test> <!-- Default test -->
  </suite> <!-- Default suite -->
</testng-results>
